<?xml version="1.0" encoding="UTF-8"?>
<!DOCTYPE coverage SYSTEM "http://cobertura.sourceforge.net/xml/coverage-04.dtd">
<coverage line-rate="0.27799043" branch-rate="0" version="" timestamp="1722009081876" lines-covered="1162" lines-valid="4180" branches-covered="0" branches-valid="0" complexity="0">
  <sources>
    <source>C:\Users\nesto\Documents\Nestor\Job\Levio\BNC\customer</source>
  </sources>
  <packages>
    <package name="github.com/osfin-customer/customer-case/customer-case-business-api/cmd" line-rate="0" branch-rate="0" complexity="0">
      <classes>
        <class name="-" filename="customer-case-business-api/cmd/main.go" line-rate="0" branch-rate="0" complexity="0">
          <methods>
            <method name="main" signature="" line-rate="0" branch-rate="0" complexity="0">
              <lines>
                <line number="15" hits="0"></line>
                <line number="16" hits="0"></line>
                <line number="17" hits="0"></line>
                <line number="18" hits="0"></line>
                <line number="19" hits="0"></line>
                <line number="20" hits="0"></line>
              </lines>
            </method>
            <method name="run" signature="" line-rate="0" branch-rate="0" complexity="0">
              <lines>
                <line number="23" hits="0"></line>
                <line number="24" hits="0"></line>
                <line number="25" hits="0"></line>
                <line number="26" hits="0"></line>
                <line number="27" hits="0"></line>
                <line number="28" hits="0"></line>
                <line number="29" hits="0"></line>
                <line number="30" hits="0"></line>
                <line number="31" hits="0"></line>
                <line number="34" hits="0"></line>
                <line number="35" hits="0"></line>
                <line number="36" hits="0"></line>
                <line number="37" hits="0"></line>
                <line number="38" hits="0"></line>
                <line number="41" hits="0"></line>
                <line number="42" hits="0"></line>
                <line number="43" hits="0"></line>
                <line number="44" hits="0"></line>
                <line number="45" hits="0"></line>
                <line number="46" hits="0"></line>
                <line number="48" hits="0"></line>
                <line number="49" hits="0"></line>
                <line number="50" hits="0"></line>
                <line number="51" hits="0"></line>
                <line number="52" hits="0"></line>
                <line number="55" hits="0"></line>
              </lines>
            </method>
          </methods>
          <lines>
            <line number="15" hits="0"></line>
            <line number="16" hits="0"></line>
            <line number="17" hits="0"></line>
            <line number="18" hits="0"></line>
            <line number="19" hits="0"></line>
            <line number="20" hits="0"></line>
            <line number="23" hits="0"></line>
            <line number="24" hits="0"></line>
            <line number="25" hits="0"></line>
            <line number="26" hits="0"></line>
            <line number="27" hits="0"></line>
            <line number="28" hits="0"></line>
            <line number="29" hits="0"></line>
            <line number="30" hits="0"></line>
            <line number="31" hits="0"></line>
            <line number="34" hits="0"></line>
            <line number="35" hits="0"></line>
            <line number="36" hits="0"></line>
            <line number="37" hits="0"></line>
            <line number="38" hits="0"></line>
            <line number="41" hits="0"></line>
            <line number="42" hits="0"></line>
            <line number="43" hits="0"></line>
            <line number="44" hits="0"></line>
            <line number="45" hits="0"></line>
            <line number="46" hits="0"></line>
            <line number="48" hits="0"></line>
            <line number="49" hits="0"></line>
            <line number="50" hits="0"></line>
            <line number="51" hits="0"></line>
            <line number="52" hits="0"></line>
            <line number="55" hits="0"></line>
          </lines>
        </class>
      </classes>
    </package>
    <package name="github.com/osfin-customer/customer-case/customer-case-business-api/internal/config" line-rate="1" branch-rate="0" complexity="0">
      <classes>
        <class name="-" filename="customer-case-business-api/internal/config/config.go" line-rate="1" branch-rate="0" complexity="0">
          <methods>
            <method name="NewConfig" signature="" line-rate="1" branch-rate="0" complexity="0">
              <lines>
                <line number="35" hits="6"></line>
                <line number="36" hits="6"></line>
                <line number="37" hits="6"></line>
                <line number="38" hits="1"></line>
                <line number="39" hits="1"></line>
                <line number="40" hits="1"></line>
                <line number="42" hits="5"></line>
                <line number="43" hits="1"></line>
                <line number="44" hits="1"></line>
                <line number="45" hits="1"></line>
                <line number="47" hits="4"></line>
                <line number="48" hits="1"></line>
                <line number="49" hits="1"></line>
                <line number="50" hits="1"></line>
                <line number="52" hits="3"></line>
                <line number="53" hits="1"></line>
                <line number="54" hits="1"></line>
                <line number="55" hits="1"></line>
                <line number="57" hits="2"></line>
                <line number="58" hits="2"></line>
                <line number="59" hits="2"></line>
                <line number="60" hits="2"></line>
                <line number="61" hits="2"></line>
                <line number="62" hits="2"></line>
              </lines>
            </method>
          </methods>
          <lines>
            <line number="35" hits="6"></line>
            <line number="36" hits="6"></line>
            <line number="37" hits="6"></line>
            <line number="38" hits="1"></line>
            <line number="39" hits="1"></line>
            <line number="40" hits="1"></line>
            <line number="42" hits="5"></line>
            <line number="43" hits="1"></line>
            <line number="44" hits="1"></line>
            <line number="45" hits="1"></line>
            <line number="47" hits="4"></line>
            <line number="48" hits="1"></line>
            <line number="49" hits="1"></line>
            <line number="50" hits="1"></line>
            <line number="52" hits="3"></line>
            <line number="53" hits="1"></line>
            <line number="54" hits="1"></line>
            <line number="55" hits="1"></line>
            <line number="57" hits="2"></line>
            <line number="58" hits="2"></line>
            <line number="59" hits="2"></line>
            <line number="60" hits="2"></line>
            <line number="61" hits="2"></line>
            <line number="62" hits="2"></line>
          </lines>
        </class>
        <class name="Config" filename="customer-case-business-api/internal/config/config.go" line-rate="1" branch-rate="0" complexity="0">
          <methods>
            <method name="GetDynamoTableName" signature="" line-rate="1" branch-rate="0" complexity="0">
              <lines>
                <line number="65" hits="2"></line>
                <line number="66" hits="2"></line>
                <line number="67" hits="2"></line>
              </lines>
            </method>
            <method name="GetDynamoKMS" signature="" line-rate="1" branch-rate="0" complexity="0">
              <lines>
                <line number="69" hits="2"></line>
                <line number="70" hits="2"></line>
                <line number="71" hits="2"></line>
              </lines>
            </method>
            <method name="GetTechnicalAPIRoute" signature="" line-rate="1" branch-rate="0" complexity="0">
              <lines>
                <line number="73" hits="2"></line>
                <line number="74" hits="2"></line>
                <line number="75" hits="2"></line>
              </lines>
            </method>
            <method name="GetPartyRoleAPIRoute" signature="" line-rate="1" branch-rate="0" complexity="0">
              <lines>
                <line number="77" hits="2"></line>
                <line number="78" hits="2"></line>
                <line number="79" hits="2"></line>
              </lines>
            </method>
          </methods>
          <lines>
            <line number="65" hits="2"></line>
            <line number="66" hits="2"></line>
            <line number="67" hits="2"></line>
            <line number="69" hits="2"></line>
            <line number="70" hits="2"></line>
            <line number="71" hits="2"></line>
            <line number="73" hits="2"></line>
            <line number="74" hits="2"></line>
            <line number="75" hits="2"></line>
            <line number="77" hits="2"></line>
            <line number="78" hits="2"></line>
            <line number="79" hits="2"></line>
          </lines>
        </class>
      </classes>
    </package>
    <package name="github.com/osfin-customer/customer-case/customer-case-business-api/internal/config/mocks" line-rate="0.5185185" branch-rate="0" complexity="0">
      <classes>
        <class name="IConfig" filename="customer-case-business-api/internal/config/mocks/mock_iconfig.go" line-rate="0.5833333" branch-rate="0" complexity="0">
          <methods>
            <method name="GetDynamoKMS" signature="" line-rate="0.5833333" branch-rate="0" complexity="0">
              <lines>
                <line number="13" hits="1"></line>
                <line number="14" hits="1"></line>
                <line number="15" hits="1"></line>
                <line number="16" hits="0"></line>
                <line number="17" hits="0"></line>
                <line number="20" hits="1"></line>
                <line number="21" hits="0"></line>
                <line number="22" hits="0"></line>
                <line number="23" hits="0"></line>
                <line number="24" hits="1"></line>
                <line number="25" hits="1"></line>
                <line number="27" hits="1"></line>
              </lines>
            </method>
            <method name="GetDynamoTableName" signature="" line-rate="0.5833333" branch-rate="0" complexity="0">
              <lines>
                <line number="31" hits="2"></line>
                <line number="32" hits="2"></line>
                <line number="33" hits="2"></line>
                <line number="34" hits="0"></line>
                <line number="35" hits="0"></line>
                <line number="38" hits="2"></line>
                <line number="39" hits="0"></line>
                <line number="40" hits="0"></line>
                <line number="41" hits="0"></line>
                <line number="42" hits="2"></line>
                <line number="43" hits="2"></line>
                <line number="45" hits="2"></line>
              </lines>
            </method>
            <method name="GetPartyRoleAPIRoute" signature="" line-rate="0.5833333" branch-rate="0" complexity="0">
              <lines>
                <line number="49" hits="1"></line>
                <line number="50" hits="1"></line>
                <line number="51" hits="1"></line>
                <line number="52" hits="0"></line>
                <line number="53" hits="0"></line>
                <line number="56" hits="1"></line>
                <line number="57" hits="0"></line>
                <line number="58" hits="0"></line>
                <line number="59" hits="0"></line>
                <line number="60" hits="1"></line>
                <line number="61" hits="1"></line>
                <line number="63" hits="1"></line>
              </lines>
            </method>
            <method name="GetTechnicalAPIRoute" signature="" line-rate="0.5833333" branch-rate="0" complexity="0">
              <lines>
                <line number="67" hits="1"></line>
                <line number="68" hits="1"></line>
                <line number="69" hits="1"></line>
                <line number="70" hits="0"></line>
                <line number="71" hits="0"></line>
                <line number="74" hits="1"></line>
                <line number="75" hits="0"></line>
                <line number="76" hits="0"></line>
                <line number="77" hits="0"></line>
                <line number="78" hits="1"></line>
                <line number="79" hits="1"></line>
                <line number="81" hits="1"></line>
              </lines>
            </method>
          </methods>
          <lines>
            <line number="13" hits="1"></line>
            <line number="14" hits="1"></line>
            <line number="15" hits="1"></line>
            <line number="16" hits="0"></line>
            <line number="17" hits="0"></line>
            <line number="20" hits="1"></line>
            <line number="21" hits="0"></line>
            <line number="22" hits="0"></line>
            <line number="23" hits="0"></line>
            <line number="24" hits="1"></line>
            <line number="25" hits="1"></line>
            <line number="27" hits="1"></line>
            <line number="31" hits="2"></line>
            <line number="32" hits="2"></line>
            <line number="33" hits="2"></line>
            <line number="34" hits="0"></line>
            <line number="35" hits="0"></line>
            <line number="38" hits="2"></line>
            <line number="39" hits="0"></line>
            <line number="40" hits="0"></line>
            <line number="41" hits="0"></line>
            <line number="42" hits="2"></line>
            <line number="43" hits="2"></line>
            <line number="45" hits="2"></line>
            <line number="49" hits="1"></line>
            <line number="50" hits="1"></line>
            <line number="51" hits="1"></line>
            <line number="52" hits="0"></line>
            <line number="53" hits="0"></line>
            <line number="56" hits="1"></line>
            <line number="57" hits="0"></line>
            <line number="58" hits="0"></line>
            <line number="59" hits="0"></line>
            <line number="60" hits="1"></line>
            <line number="61" hits="1"></line>
            <line number="63" hits="1"></line>
            <line number="67" hits="1"></line>
            <line number="68" hits="1"></line>
            <line number="69" hits="1"></line>
            <line number="70" hits="0"></line>
            <line number="71" hits="0"></line>
            <line number="74" hits="1"></line>
            <line number="75" hits="0"></line>
            <line number="76" hits="0"></line>
            <line number="77" hits="0"></line>
            <line number="78" hits="1"></line>
            <line number="79" hits="1"></line>
            <line number="81" hits="1"></line>
          </lines>
        </class>
        <class name="-" filename="customer-case-business-api/internal/config/mocks/mock_iconfig.go" line-rate="0" branch-rate="0" complexity="0">
          <methods>
            <method name="NewIConfig" signature="" line-rate="0" branch-rate="0" complexity="0">
              <lines>
                <line number="89" hits="0"></line>
                <line number="90" hits="0"></line>
                <line number="91" hits="0"></line>
                <line number="92" hits="0"></line>
                <line number="93" hits="0"></line>
                <line number="95" hits="0"></line>
              </lines>
            </method>
          </methods>
          <lines>
            <line number="89" hits="0"></line>
            <line number="90" hits="0"></line>
            <line number="91" hits="0"></line>
            <line number="92" hits="0"></line>
            <line number="93" hits="0"></line>
            <line number="95" hits="0"></line>
          </lines>
        </class>
      </classes>
    </package>
    <package name="github.com/osfin-customer/customer-case/customer-case-business-api/internal/handler" line-rate="0.7446808" branch-rate="0" complexity="0">
      <classes>
        <class name="-" filename="customer-case-business-api/internal/handler/handler.go" line-rate="1" branch-rate="0" complexity="0">
          <methods>
            <method name="NewHandler" signature="" line-rate="1" branch-rate="0" complexity="0">
              <lines>
                <line number="35" hits="3"></line>
                <line number="36" hits="3"></line>
                <line number="37" hits="3"></line>
                <line number="38" hits="3"></line>
                <line number="39" hits="3"></line>
                <line number="40" hits="3"></line>
                <line number="41" hits="3"></line>
              </lines>
            </method>
          </methods>
          <lines>
            <line number="35" hits="3"></line>
            <line number="36" hits="3"></line>
            <line number="37" hits="3"></line>
            <line number="38" hits="3"></line>
            <line number="39" hits="3"></line>
            <line number="40" hits="3"></line>
            <line number="41" hits="3"></line>
          </lines>
        </class>
        <class name="Handler" filename="customer-case-business-api/internal/handler/handler.go" line-rate="0.7" branch-rate="0" complexity="0">
          <methods>
            <method name="Create" signature="" line-rate="0.6363636" branch-rate="0" complexity="0">
              <lines>
                <line number="43" hits="3"></line>
                <line number="44" hits="3"></line>
                <line number="45" hits="3"></line>
                <line number="46" hits="1"></line>
                <line number="47" hits="1"></line>
                <line number="48" hits="1"></line>
                <line number="50" hits="2"></line>
                <line number="51" hits="0"></line>
                <line number="52" hits="0"></line>
                <line number="53" hits="0"></line>
                <line number="55" hits="2"></line>
                <line number="56" hits="2"></line>
                <line number="57" hits="0"></line>
                <line number="58" hits="0"></line>
                <line number="59" hits="0"></line>
                <line number="60" hits="2"></line>
                <line number="61" hits="2"></line>
                <line number="62" hits="2"></line>
                <line number="63" hits="2"></line>
                <line number="64" hits="0"></line>
                <line number="65" hits="0"></line>
                <line number="66" hits="0"></line>
                <line number="67" hits="2"></line>
                <line number="68" hits="2"></line>
                <line number="69" hits="2"></line>
                <line number="70" hits="1"></line>
                <line number="71" hits="1"></line>
                <line number="72" hits="1"></line>
                <line number="74" hits="1"></line>
                <line number="75" hits="0"></line>
                <line number="76" hits="0"></line>
                <line number="77" hits="0"></line>
                <line number="79" hits="1"></line>
              </lines>
            </method>
            <method name="GetRepo" signature="" line-rate="1" branch-rate="0" complexity="0">
              <lines>
                <line number="82" hits="3"></line>
                <line number="83" hits="3"></line>
                <line number="84" hits="3"></line>
                <line number="85" hits="1"></line>
                <line number="86" hits="1"></line>
                <line number="87" hits="1"></line>
                <line number="89" hits="2"></line>
              </lines>
            </method>
          </methods>
          <lines>
            <line number="43" hits="3"></line>
            <line number="44" hits="3"></line>
            <line number="45" hits="3"></line>
            <line number="46" hits="1"></line>
            <line number="47" hits="1"></line>
            <line number="48" hits="1"></line>
            <line number="50" hits="2"></line>
            <line number="51" hits="0"></line>
            <line number="52" hits="0"></line>
            <line number="53" hits="0"></line>
            <line number="55" hits="2"></line>
            <line number="56" hits="2"></line>
            <line number="57" hits="0"></line>
            <line number="58" hits="0"></line>
            <line number="59" hits="0"></line>
            <line number="60" hits="2"></line>
            <line number="61" hits="2"></line>
            <line number="62" hits="2"></line>
            <line number="63" hits="2"></line>
            <line number="64" hits="0"></line>
            <line number="65" hits="0"></line>
            <line number="66" hits="0"></line>
            <line number="67" hits="2"></line>
            <line number="68" hits="2"></line>
            <line number="69" hits="2"></line>
            <line number="70" hits="1"></line>
            <line number="71" hits="1"></line>
            <line number="72" hits="1"></line>
            <line number="74" hits="1"></line>
            <line number="75" hits="0"></line>
            <line number="76" hits="0"></line>
            <line number="77" hits="0"></line>
            <line number="79" hits="1"></line>
            <line number="82" hits="3"></line>
            <line number="83" hits="3"></line>
            <line number="84" hits="3"></line>
            <line number="85" hits="1"></line>
            <line number="86" hits="1"></line>
            <line number="87" hits="1"></line>
            <line number="89" hits="2"></line>
          </lines>
        </class>
      </classes>
    </package>
    <package name="github.com/osfin-customer/customer-case/customer-case-business-api/internal/repository" line-rate="0.1923077" branch-rate="0" complexity="0">
      <classes>
        <class name="-" filename="customer-case-business-api/internal/repository/dynamo.go" line-rate="1" branch-rate="0" complexity="0">
          <methods>
            <method name="NewDynamo" signature="" line-rate="1" branch-rate="0" complexity="0">
              <lines>
                <line number="36" hits="8"></line>
                <line number="37" hits="1"></line>
                <line number="38" hits="1"></line>
                <line number="39" hits="1"></line>
                <line number="41" hits="1"></line>
                <line number="42" hits="1"></line>
                <line number="43" hits="1"></line>
                <line number="45" hits="3"></line>
                <line number="46" hits="3"></line>
                <line number="47" hits="3"></line>
                <line number="49" hits="3"></line>
                <line number="50" hits="3"></line>
                <line number="51" hits="3"></line>
                <line number="52" hits="3"></line>
                <line number="53" hits="3"></line>
              </lines>
            </method>
          </methods>
          <lines>
            <line number="36" hits="8"></line>
            <line number="37" hits="1"></line>
            <line number="38" hits="1"></line>
            <line number="39" hits="1"></line>
            <line number="41" hits="1"></line>
            <line number="42" hits="1"></line>
            <line number="43" hits="1"></line>
            <line number="45" hits="3"></line>
            <line number="46" hits="3"></line>
            <line number="47" hits="3"></line>
            <line number="49" hits="3"></line>
            <line number="50" hits="3"></line>
            <line number="51" hits="3"></line>
            <line number="52" hits="3"></line>
            <line number="53" hits="3"></line>
          </lines>
        </class>
        <class name="Dynamo" filename="customer-case-business-api/internal/repository/dynamo.go" line-rate="0" branch-rate="0" complexity="0">
          <methods>
            <method name="GetByID" signature="" line-rate="0" branch-rate="0" complexity="0">
              <lines>
                <line number="56" hits="0"></line>
                <line number="57" hits="0"></line>
                <line number="58" hits="0"></line>
                <line number="59" hits="0"></line>
                <line number="60" hits="0"></line>
                <line number="61" hits="0"></line>
                <line number="62" hits="0"></line>
                <line number="63" hits="0"></line>
                <line number="64" hits="0"></line>
                <line number="65" hits="0"></line>
                <line number="66" hits="0"></line>
                <line number="69" hits="0"></line>
                <line number="70" hits="0"></line>
                <line number="71" hits="0"></line>
                <line number="73" hits="0"></line>
                <line number="74" hits="0"></line>
                <line number="75" hits="0"></line>
                <line number="76" hits="0"></line>
                <line number="77" hits="0"></line>
                <line number="78" hits="0"></line>
                <line number="79" hits="0"></line>
              </lines>
            </method>
            <method name="Upsert" signature="" line-rate="0" branch-rate="0" complexity="0">
              <lines>
                <line number="82" hits="0"></line>
                <line number="83" hits="0"></line>
                <line number="84" hits="0"></line>
                <line number="85" hits="0"></line>
                <line number="86" hits="0"></line>
                <line number="87" hits="0"></line>
                <line number="88" hits="0"></line>
                <line number="89" hits="0"></line>
                <line number="91" hits="0"></line>
                <line number="92" hits="0"></line>
                <line number="93" hits="0"></line>
                <line number="94" hits="0"></line>
                <line number="95" hits="0"></line>
                <line number="98" hits="0"></line>
                <line number="101" hits="0"></line>
                <line number="102" hits="0"></line>
                <line number="103" hits="0"></line>
                <line number="104" hits="0"></line>
                <line number="105" hits="0"></line>
                <line number="107" hits="0"></line>
                <line number="108" hits="0"></line>
                <line number="109" hits="0"></line>
                <line number="110" hits="0"></line>
                <line number="111" hits="0"></line>
                <line number="112" hits="0"></line>
                <line number="113" hits="0"></line>
                <line number="114" hits="0"></line>
                <line number="115" hits="0"></line>
                <line number="116" hits="0"></line>
                <line number="117" hits="0"></line>
                <line number="119" hits="0"></line>
              </lines>
            </method>
            <method name="handleDynamoOpError" signature="" line-rate="0" branch-rate="0" complexity="0">
              <lines>
                <line number="122" hits="0"></line>
                <line number="123" hits="0"></line>
                <line number="124" hits="0"></line>
                <line number="125" hits="0"></line>
                <line number="126" hits="0"></line>
                <line number="127" hits="0"></line>
                <line number="129" hits="0"></line>
                <line number="130" hits="0"></line>
                <line number="131" hits="0"></line>
                <line number="133" hits="0"></line>
                <line number="135" hits="0"></line>
              </lines>
            </method>
          </methods>
          <lines>
            <line number="56" hits="0"></line>
            <line number="57" hits="0"></line>
            <line number="58" hits="0"></line>
            <line number="59" hits="0"></line>
            <line number="60" hits="0"></line>
            <line number="61" hits="0"></line>
            <line number="62" hits="0"></line>
            <line number="63" hits="0"></line>
            <line number="64" hits="0"></line>
            <line number="65" hits="0"></line>
            <line number="66" hits="0"></line>
            <line number="69" hits="0"></line>
            <line number="70" hits="0"></line>
            <line number="71" hits="0"></line>
            <line number="73" hits="0"></line>
            <line number="74" hits="0"></line>
            <line number="75" hits="0"></line>
            <line number="76" hits="0"></line>
            <line number="77" hits="0"></line>
            <line number="78" hits="0"></line>
            <line number="79" hits="0"></line>
            <line number="82" hits="0"></line>
            <line number="83" hits="0"></line>
            <line number="84" hits="0"></line>
            <line number="85" hits="0"></line>
            <line number="86" hits="0"></line>
            <line number="87" hits="0"></line>
            <line number="88" hits="0"></line>
            <line number="89" hits="0"></line>
            <line number="91" hits="0"></line>
            <line number="92" hits="0"></line>
            <line number="93" hits="0"></line>
            <line number="94" hits="0"></line>
            <line number="95" hits="0"></line>
            <line number="98" hits="0"></line>
            <line number="101" hits="0"></line>
            <line number="102" hits="0"></line>
            <line number="103" hits="0"></line>
            <line number="104" hits="0"></line>
            <line number="105" hits="0"></line>
            <line number="107" hits="0"></line>
            <line number="108" hits="0"></line>
            <line number="109" hits="0"></line>
            <line number="110" hits="0"></line>
            <line number="111" hits="0"></line>
            <line number="112" hits="0"></line>
            <line number="113" hits="0"></line>
            <line number="114" hits="0"></line>
            <line number="115" hits="0"></line>
            <line number="116" hits="0"></line>
            <line number="117" hits="0"></line>
            <line number="119" hits="0"></line>
            <line number="122" hits="0"></line>
            <line number="123" hits="0"></line>
            <line number="124" hits="0"></line>
            <line number="125" hits="0"></line>
            <line number="126" hits="0"></line>
            <line number="127" hits="0"></line>
            <line number="129" hits="0"></line>
            <line number="130" hits="0"></line>
            <line number="131" hits="0"></line>
            <line number="133" hits="0"></line>
            <line number="135" hits="0"></line>
          </lines>
        </class>
      </classes>
    </package>
    <package name="github.com/osfin-customer/customer-case/customer-case-business-api/internal/server" line-rate="1" branch-rate="0" complexity="0">
      <classes>
        <class name="-" filename="customer-case-business-api/internal/server/errorResponse.go" line-rate="1" branch-rate="0" complexity="0">
          <methods>
            <method name="NewGetOneErrorResponse" signature="" line-rate="1" branch-rate="0" complexity="0">
              <lines>
                <line number="9" hits="3"></line>
                <line number="10" hits="3"></line>
                <line number="11" hits="1"></line>
                <line number="12" hits="1"></line>
                <line number="13" hits="1"></line>
                <line number="14" hits="1"></line>
                <line number="15" hits="1"></line>
                <line number="16" hits="1"></line>
                <line number="17" hits="1"></line>
                <line number="18" hits="1"></line>
                <line number="19" hits="1"></line>
                <line number="20" hits="1"></line>
                <line number="21" hits="2"></line>
                <line number="22" hits="2"></line>
                <line number="23" hits="2"></line>
                <line number="24" hits="2"></line>
                <line number="25" hits="2"></line>
                <line number="26" hits="2"></line>
                <line number="27" hits="2"></line>
              </lines>
            </method>
            <method name="NewCreateOneErrorResponse" signature="" line-rate="1" branch-rate="0" complexity="0">
              <lines>
                <line number="31" hits="3"></line>
                <line number="32" hits="3"></line>
                <line number="33" hits="1"></line>
                <line number="34" hits="1"></line>
                <line number="35" hits="1"></line>
                <line number="36" hits="1"></line>
                <line number="37" hits="1"></line>
                <line number="38" hits="1"></line>
                <line number="39" hits="1"></line>
                <line number="40" hits="1"></line>
                <line number="41" hits="1"></line>
                <line number="42" hits="1"></line>
                <line number="43" hits="2"></line>
                <line number="44" hits="2"></line>
                <line number="45" hits="2"></line>
                <line number="46" hits="2"></line>
                <line number="47" hits="2"></line>
                <line number="48" hits="2"></line>
                <line number="49" hits="2"></line>
                <line number="50" hits="2"></line>
              </lines>
            </method>
            <method name="NewUpdateOneErrorResponse" signature="" line-rate="1" branch-rate="0" complexity="0">
              <lines>
                <line number="54" hits="4"></line>
                <line number="55" hits="4"></line>
                <line number="56" hits="1"></line>
                <line number="57" hits="1"></line>
                <line number="58" hits="1"></line>
                <line number="59" hits="1"></line>
                <line number="60" hits="1"></line>
                <line number="61" hits="1"></line>
                <line number="62" hits="1"></line>
                <line number="63" hits="1"></line>
                <line number="64" hits="1"></line>
                <line number="65" hits="1"></line>
                <line number="66" hits="1"></line>
                <line number="67" hits="1"></line>
                <line number="68" hits="1"></line>
                <line number="69" hits="1"></line>
                <line number="70" hits="1"></line>
                <line number="71" hits="1"></line>
                <line number="72" hits="2"></line>
                <line number="73" hits="2"></line>
                <line number="74" hits="2"></line>
                <line number="75" hits="2"></line>
                <line number="76" hits="2"></line>
                <line number="77" hits="2"></line>
                <line number="78" hits="2"></line>
              </lines>
            </method>
          </methods>
          <lines>
            <line number="9" hits="3"></line>
            <line number="10" hits="3"></line>
            <line number="11" hits="1"></line>
            <line number="12" hits="1"></line>
            <line number="13" hits="1"></line>
            <line number="14" hits="1"></line>
            <line number="15" hits="1"></line>
            <line number="16" hits="1"></line>
            <line number="17" hits="1"></line>
            <line number="18" hits="1"></line>
            <line number="19" hits="1"></line>
            <line number="20" hits="1"></line>
            <line number="21" hits="2"></line>
            <line number="22" hits="2"></line>
            <line number="23" hits="2"></line>
            <line number="24" hits="2"></line>
            <line number="25" hits="2"></line>
            <line number="26" hits="2"></line>
            <line number="27" hits="2"></line>
            <line number="31" hits="3"></line>
            <line number="32" hits="3"></line>
            <line number="33" hits="1"></line>
            <line number="34" hits="1"></line>
            <line number="35" hits="1"></line>
            <line number="36" hits="1"></line>
            <line number="37" hits="1"></line>
            <line number="38" hits="1"></line>
            <line number="39" hits="1"></line>
            <line number="40" hits="1"></line>
            <line number="41" hits="1"></line>
            <line number="42" hits="1"></line>
            <line number="43" hits="2"></line>
            <line number="44" hits="2"></line>
            <line number="45" hits="2"></line>
            <line number="46" hits="2"></line>
            <line number="47" hits="2"></line>
            <line number="48" hits="2"></line>
            <line number="49" hits="2"></line>
            <line number="50" hits="2"></line>
            <line number="54" hits="4"></line>
            <line number="55" hits="4"></line>
            <line number="56" hits="1"></line>
            <line number="57" hits="1"></line>
            <line number="58" hits="1"></line>
            <line number="59" hits="1"></line>
            <line number="60" hits="1"></line>
            <line number="61" hits="1"></line>
            <line number="62" hits="1"></line>
            <line number="63" hits="1"></line>
            <line number="64" hits="1"></line>
            <line number="65" hits="1"></line>
            <line number="66" hits="1"></line>
            <line number="67" hits="1"></line>
            <line number="68" hits="1"></line>
            <line number="69" hits="1"></line>
            <line number="70" hits="1"></line>
            <line number="71" hits="1"></line>
            <line number="72" hits="2"></line>
            <line number="73" hits="2"></line>
            <line number="74" hits="2"></line>
            <line number="75" hits="2"></line>
            <line number="76" hits="2"></line>
            <line number="77" hits="2"></line>
            <line number="78" hits="2"></line>
          </lines>
        </class>
        <class name="-" filename="customer-case-business-api/internal/server/server.go" line-rate="1" branch-rate="0" complexity="0">
          <methods>
            <method name="New" signature="" line-rate="1" branch-rate="0" complexity="0">
              <lines>
                <line number="14" hits="3"></line>
                <line number="15" hits="1"></line>
                <line number="16" hits="1"></line>
                <line number="17" hits="1"></line>
                <line number="19" hits="1"></line>
                <line number="20" hits="1"></line>
                <line number="21" hits="1"></line>
                <line number="23" hits="1"></line>
                <line number="24" hits="1"></line>
                <line number="25" hits="1"></line>
                <line number="26" hits="1"></line>
                <line number="27" hits="1"></line>
                <line number="28" hits="1"></line>
                <line number="29" hits="1"></line>
                <line number="30" hits="1"></line>
              </lines>
            </method>
          </methods>
          <lines>
            <line number="14" hits="3"></line>
            <line number="15" hits="1"></line>
            <line number="16" hits="1"></line>
            <line number="17" hits="1"></line>
            <line number="19" hits="1"></line>
            <line number="20" hits="1"></line>
            <line number="21" hits="1"></line>
            <line number="23" hits="1"></line>
            <line number="24" hits="1"></line>
            <line number="25" hits="1"></line>
            <line number="26" hits="1"></line>
            <line number="27" hits="1"></line>
            <line number="28" hits="1"></line>
            <line number="29" hits="1"></line>
            <line number="30" hits="1"></line>
          </lines>
        </class>
        <class name="CustomerCaseBase" filename="customer-case-business-api/internal/server/stringUtils.go" line-rate="1" branch-rate="0" complexity="0">
          <methods>
            <method name="String" signature="" line-rate="1" branch-rate="0" complexity="0">
              <lines>
                <line number="6" hits="1"></line>
                <line number="7" hits="1"></line>
                <line number="8" hits="1"></line>
                <line number="9" hits="1"></line>
              </lines>
            </method>
          </methods>
          <lines>
            <line number="6" hits="1"></line>
            <line number="7" hits="1"></line>
            <line number="8" hits="1"></line>
            <line number="9" hits="1"></line>
          </lines>
        </class>
        <class name="Error" filename="customer-case-business-api/internal/server/stringUtils.go" line-rate="1" branch-rate="0" complexity="0">
          <methods>
            <method name="String" signature="" line-rate="1" branch-rate="0" complexity="0">
              <lines>
                <line number="12" hits="1"></line>
                <line number="13" hits="1"></line>
                <line number="14" hits="1"></line>
                <line number="15" hits="1"></line>
              </lines>
            </method>
          </methods>
          <lines>
            <line number="12" hits="1"></line>
            <line number="13" hits="1"></line>
            <line number="14" hits="1"></line>
            <line number="15" hits="1"></line>
          </lines>
        </class>
      </classes>
    </package>
    <package name="github.com/osfin-customer/customer-case/customer-case-business-api/internal/service" line-rate="0.0122137405" branch-rate="0" complexity="0">
      <classes>
        <class name="-" filename="customer-case-business-api/internal/service/service.go" line-rate="0.15384616" branch-rate="0" complexity="0">
          <methods>
            <method name="New" signature="" line-rate="0.3478261" branch-rate="0" complexity="0">
              <lines>
                <line number="52" hits="1"></line>
                <line number="53" hits="0"></line>
                <line number="54" hits="0"></line>
                <line number="55" hits="0"></line>
                <line number="57" hits="0"></line>
                <line number="58" hits="0"></line>
                <line number="59" hits="0"></line>
                <line number="61" hits="0"></line>
                <line number="62" hits="0"></line>
                <line number="63" hits="0"></line>
                <line number="65" hits="0"></line>
                <line number="66" hits="0"></line>
                <line number="67" hits="0"></line>
                <line number="69" hits="0"></line>
                <line number="70" hits="0"></line>
                <line number="71" hits="0"></line>
                <line number="73" hits="1"></line>
                <line number="74" hits="1"></line>
                <line number="75" hits="1"></line>
                <line number="76" hits="1"></line>
                <line number="77" hits="1"></line>
                <line number="78" hits="1"></line>
                <line number="79" hits="1"></line>
              </lines>
            </method>
            <method name="correlationIdExtraction" signature="" line-rate="0" branch-rate="0" complexity="0">
              <lines>
                <line number="396" hits="0"></line>
                <line number="397" hits="0"></line>
                <line number="398" hits="0"></line>
                <line number="399" hits="0"></line>
                <line number="400" hits="0"></line>
              </lines>
            </method>
            <method name="containsCustomerRole" signature="" line-rate="0" branch-rate="0" complexity="0">
              <lines>
                <line number="404" hits="0"></line>
                <line number="405" hits="0"></line>
                <line number="406" hits="0"></line>
                <line number="407" hits="0"></line>
                <line number="408" hits="0"></line>
                <line number="410" hits="0"></line>
              </lines>
            </method>
            <method name="computeErrorResponse" signature="" line-rate="0" branch-rate="0" complexity="0">
              <lines>
                <line number="414" hits="0"></line>
                <line number="415" hits="0"></line>
                <line number="416" hits="0"></line>
                <line number="417" hits="0"></line>
                <line number="418" hits="0"></line>
                <line number="419" hits="0"></line>
                <line number="420" hits="0"></line>
                <line number="421" hits="0"></line>
                <line number="422" hits="0"></line>
                <line number="423" hits="0"></line>
                <line number="424" hits="0"></line>
                <line number="425" hits="0"></line>
                <line number="426" hits="0"></line>
                <line number="427" hits="0"></line>
                <line number="428" hits="0"></line>
                <line number="429" hits="0"></line>
                <line number="430" hits="0"></line>
                <line number="432" hits="0"></line>
              </lines>
            </method>
          </methods>
          <lines>
            <line number="52" hits="1"></line>
            <line number="53" hits="0"></line>
            <line number="54" hits="0"></line>
            <line number="55" hits="0"></line>
            <line number="57" hits="0"></line>
            <line number="58" hits="0"></line>
            <line number="59" hits="0"></line>
            <line number="61" hits="0"></line>
            <line number="62" hits="0"></line>
            <line number="63" hits="0"></line>
            <line number="65" hits="0"></line>
            <line number="66" hits="0"></line>
            <line number="67" hits="0"></line>
            <line number="69" hits="0"></line>
            <line number="70" hits="0"></line>
            <line number="71" hits="0"></line>
            <line number="73" hits="1"></line>
            <line number="74" hits="1"></line>
            <line number="75" hits="1"></line>
            <line number="76" hits="1"></line>
            <line number="77" hits="1"></line>
            <line number="78" hits="1"></line>
            <line number="79" hits="1"></line>
            <line number="396" hits="0"></line>
            <line number="397" hits="0"></line>
            <line number="398" hits="0"></line>
            <line number="399" hits="0"></line>
            <line number="400" hits="0"></line>
            <line number="404" hits="0"></line>
            <line number="405" hits="0"></line>
            <line number="406" hits="0"></line>
            <line number="407" hits="0"></line>
            <line number="408" hits="0"></line>
            <line number="410" hits="0"></line>
            <line number="414" hits="0"></line>
            <line number="415" hits="0"></line>
            <line number="416" hits="0"></line>
            <line number="417" hits="0"></line>
            <line number="418" hits="0"></line>
            <line number="419" hits="0"></line>
            <line number="420" hits="0"></line>
            <line number="421" hits="0"></line>
            <line number="422" hits="0"></line>
            <line number="423" hits="0"></line>
            <line number="424" hits="0"></line>
            <line number="425" hits="0"></line>
            <line number="426" hits="0"></line>
            <line number="427" hits="0"></line>
            <line number="428" hits="0"></line>
            <line number="429" hits="0"></line>
            <line number="430" hits="0"></line>
            <line number="432" hits="0"></line>
          </lines>
        </class>
        <class name="Service" filename="customer-case-business-api/internal/service/service.go" line-rate="0" branch-rate="0" complexity="0">
          <methods>
            <method name="GetOne" signature="" line-rate="0" branch-rate="0" complexity="0">
              <lines>
                <line number="82" hits="0"></line>
                <line number="83" hits="0"></line>
                <line number="84" hits="0"></line>
                <line number="85" hits="0"></line>
                <line number="86" hits="0"></line>
                <line number="87" hits="0"></line>
                <line number="88" hits="0"></line>
                <line number="89" hits="0"></line>
                <line number="90" hits="0"></line>
                <line number="91" hits="0"></line>
                <line number="92" hits="0"></line>
                <line number="93" hits="0"></line>
                <line number="94" hits="0"></line>
                <line number="95" hits="0"></line>
                <line number="96" hits="0"></line>
                <line number="97" hits="0"></line>
                <line number="99" hits="0"></line>
                <line number="100" hits="0"></line>
                <line number="101" hits="0"></line>
                <line number="103" hits="0"></line>
                <line number="104" hits="0"></line>
                <line number="105" hits="0"></line>
                <line number="106" hits="0"></line>
                <line number="107" hits="0"></line>
                <line number="108" hits="0"></line>
                <line number="109" hits="0"></line>
                <line number="110" hits="0"></line>
                <line number="111" hits="0"></line>
                <line number="112" hits="0"></line>
                <line number="113" hits="0"></line>
                <line number="114" hits="0"></line>
                <line number="115" hits="0"></line>
                <line number="116" hits="0"></line>
                <line number="117" hits="0"></line>
                <line number="118" hits="0"></line>
              </lines>
            </method>
            <method name="CreateOne" signature="" line-rate="0" branch-rate="0" complexity="0">
              <lines>
                <line number="124" hits="0"></line>
                <line number="125" hits="0"></line>
                <line number="126" hits="0"></line>
                <line number="127" hits="0"></line>
                <line number="128" hits="0"></line>
                <line number="129" hits="0"></line>
                <line number="130" hits="0"></line>
                <line number="132" hits="0"></line>
                <line number="133" hits="0"></line>
                <line number="134" hits="0"></line>
                <line number="135" hits="0"></line>
                <line number="136" hits="0"></line>
                <line number="137" hits="0"></line>
                <line number="138" hits="0"></line>
                <line number="139" hits="0"></line>
                <line number="141" hits="0"></line>
                <line number="142" hits="0"></line>
                <line number="143" hits="0"></line>
                <line number="144" hits="0"></line>
                <line number="145" hits="0"></line>
                <line number="146" hits="0"></line>
                <line number="147" hits="0"></line>
                <line number="148" hits="0"></line>
                <line number="149" hits="0"></line>
                <line number="150" hits="0"></line>
                <line number="153" hits="0"></line>
                <line number="154" hits="0"></line>
                <line number="155" hits="0"></line>
                <line number="156" hits="0"></line>
                <line number="157" hits="0"></line>
                <line number="158" hits="0"></line>
                <line number="159" hits="0"></line>
                <line number="160" hits="0"></line>
                <line number="161" hits="0"></line>
                <line number="164" hits="0"></line>
                <line number="165" hits="0"></line>
                <line number="166" hits="0"></line>
                <line number="167" hits="0"></line>
                <line number="168" hits="0"></line>
                <line number="169" hits="0"></line>
                <line number="170" hits="0"></line>
                <line number="171" hits="0"></line>
                <line number="172" hits="0"></line>
                <line number="173" hits="0"></line>
                <line number="174" hits="0"></line>
                <line number="175" hits="0"></line>
                <line number="176" hits="0"></line>
                <line number="177" hits="0"></line>
                <line number="178" hits="0"></line>
                <line number="179" hits="0"></line>
                <line number="180" hits="0"></line>
                <line number="181" hits="0"></line>
                <line number="182" hits="0"></line>
                <line number="183" hits="0"></line>
                <line number="185" hits="0"></line>
                <line number="186" hits="0"></line>
                <line number="187" hits="0"></line>
                <line number="188" hits="0"></line>
                <line number="189" hits="0"></line>
                <line number="190" hits="0"></line>
                <line number="191" hits="0"></line>
                <line number="192" hits="0"></line>
                <line number="193" hits="0"></line>
                <line number="194" hits="0"></line>
                <line number="195" hits="0"></line>
                <line number="196" hits="0"></line>
                <line number="197" hits="0"></line>
                <line number="198" hits="0"></line>
                <line number="199" hits="0"></line>
                <line number="200" hits="0"></line>
                <line number="201" hits="0"></line>
                <line number="202" hits="0"></line>
                <line number="203" hits="0"></line>
                <line number="204" hits="0"></line>
                <line number="205" hits="0"></line>
                <line number="206" hits="0"></line>
                <line number="207" hits="0"></line>
                <line number="208" hits="0"></line>
                <line number="209" hits="0"></line>
                <line number="210" hits="0"></line>
                <line number="211" hits="0"></line>
                <line number="213" hits="0"></line>
                <line number="214" hits="0"></line>
                <line number="215" hits="0"></line>
                <line number="216" hits="0"></line>
                <line number="217" hits="0"></line>
                <line number="218" hits="0"></line>
                <line number="219" hits="0"></line>
                <line number="220" hits="0"></line>
                <line number="221" hits="0"></line>
                <line number="222" hits="0"></line>
                <line number="223" hits="0"></line>
                <line number="224" hits="0"></line>
                <line number="225" hits="0"></line>
                <line number="226" hits="0"></line>
                <line number="227" hits="0"></line>
                <line number="228" hits="0"></line>
                <line number="229" hits="0"></line>
                <line number="230" hits="0"></line>
                <line number="231" hits="0"></line>
                <line number="232" hits="0"></line>
                <line number="233" hits="0"></line>
                <line number="235" hits="0"></line>
                <line number="236" hits="0"></line>
                <line number="237" hits="0"></line>
                <line number="238" hits="0"></line>
                <line number="239" hits="0"></line>
                <line number="240" hits="0"></line>
                <line number="241" hits="0"></line>
                <line number="242" hits="0"></line>
                <line number="243" hits="0"></line>
                <line number="244" hits="0"></line>
                <line number="245" hits="0"></line>
                <line number="246" hits="0"></line>
                <line number="247" hits="0"></line>
                <line number="248" hits="0"></line>
                <line number="249" hits="0"></line>
                <line number="250" hits="0"></line>
                <line number="251" hits="0"></line>
                <line number="252" hits="0"></line>
                <line number="253" hits="0"></line>
                <line number="254" hits="0"></line>
                <line number="255" hits="0"></line>
                <line number="256" hits="0"></line>
                <line number="257" hits="0"></line>
                <line number="258" hits="0"></line>
                <line number="259" hits="0"></line>
                <line number="260" hits="0"></line>
                <line number="261" hits="0"></line>
                <line number="262" hits="0"></line>
                <line number="263" hits="0"></line>
                <line number="264" hits="0"></line>
                <line number="265" hits="0"></line>
                <line number="266" hits="0"></line>
                <line number="267" hits="0"></line>
                <line number="268" hits="0"></line>
                <line number="269" hits="0"></line>
                <line number="271" hits="0"></line>
                <line number="272" hits="0"></line>
                <line number="273" hits="0"></line>
                <line number="274" hits="0"></line>
                <line number="275" hits="0"></line>
                <line number="276" hits="0"></line>
                <line number="277" hits="0"></line>
              </lines>
            </method>
            <method name="UpdateOne" signature="" line-rate="0" branch-rate="0" complexity="0">
              <lines>
                <line number="283" hits="0"></line>
                <line number="284" hits="0"></line>
                <line number="285" hits="0"></line>
                <line number="286" hits="0"></line>
                <line number="287" hits="0"></line>
                <line number="288" hits="0"></line>
                <line number="289" hits="0"></line>
                <line number="290" hits="0"></line>
                <line number="291" hits="0"></line>
                <line number="292" hits="0"></line>
                <line number="293" hits="0"></line>
                <line number="294" hits="0"></line>
                <line number="295" hits="0"></line>
                <line number="296" hits="0"></line>
                <line number="298" hits="0"></line>
                <line number="299" hits="0"></line>
                <line number="300" hits="0"></line>
                <line number="301" hits="0"></line>
                <line number="302" hits="0"></line>
                <line number="303" hits="0"></line>
                <line number="304" hits="0"></line>
                <line number="305" hits="0"></line>
                <line number="306" hits="0"></line>
                <line number="307" hits="0"></line>
                <line number="308" hits="0"></line>
                <line number="310" hits="0"></line>
                <line number="311" hits="0"></line>
                <line number="312" hits="0"></line>
                <line number="313" hits="0"></line>
                <line number="314" hits="0"></line>
                <line number="315" hits="0"></line>
                <line number="316" hits="0"></line>
                <line number="317" hits="0"></line>
                <line number="318" hits="0"></line>
                <line number="319" hits="0"></line>
                <line number="320" hits="0"></line>
                <line number="321" hits="0"></line>
                <line number="322" hits="0"></line>
                <line number="323" hits="0"></line>
                <line number="324" hits="0"></line>
                <line number="325" hits="0"></line>
                <line number="327" hits="0"></line>
                <line number="328" hits="0"></line>
                <line number="329" hits="0"></line>
                <line number="330" hits="0"></line>
                <line number="331" hits="0"></line>
                <line number="332" hits="0"></line>
                <line number="333" hits="0"></line>
                <line number="334" hits="0"></line>
                <line number="335" hits="0"></line>
                <line number="336" hits="0"></line>
                <line number="337" hits="0"></line>
                <line number="338" hits="0"></line>
                <line number="339" hits="0"></line>
                <line number="340" hits="0"></line>
                <line number="341" hits="0"></line>
                <line number="342" hits="0"></line>
                <line number="343" hits="0"></line>
                <line number="344" hits="0"></line>
                <line number="345" hits="0"></line>
                <line number="346" hits="0"></line>
                <line number="347" hits="0"></line>
                <line number="348" hits="0"></line>
                <line number="350" hits="0"></line>
                <line number="351" hits="0"></line>
                <line number="352" hits="0"></line>
                <line number="353" hits="0"></line>
                <line number="355" hits="0"></line>
                <line number="356" hits="0"></line>
                <line number="357" hits="0"></line>
                <line number="358" hits="0"></line>
                <line number="359" hits="0"></line>
                <line number="360" hits="0"></line>
                <line number="361" hits="0"></line>
                <line number="362" hits="0"></line>
                <line number="363" hits="0"></line>
                <line number="364" hits="0"></line>
                <line number="365" hits="0"></line>
                <line number="366" hits="0"></line>
                <line number="367" hits="0"></line>
                <line number="368" hits="0"></line>
                <line number="369" hits="0"></line>
                <line number="370" hits="0"></line>
                <line number="371" hits="0"></line>
                <line number="372" hits="0"></line>
                <line number="373" hits="0"></line>
                <line number="374" hits="0"></line>
                <line number="375" hits="0"></line>
                <line number="376" hits="0"></line>
                <line number="377" hits="0"></line>
                <line number="378" hits="0"></line>
                <line number="379" hits="0"></line>
                <line number="380" hits="0"></line>
                <line number="381" hits="0"></line>
                <line number="382" hits="0"></line>
                <line number="383" hits="0"></line>
                <line number="384" hits="0"></line>
                <line number="385" hits="0"></line>
                <line number="386" hits="0"></line>
                <line number="387" hits="0"></line>
                <line number="388" hits="0"></line>
                <line number="389" hits="0"></line>
                <line number="390" hits="0"></line>
                <line number="391" hits="0"></line>
              </lines>
            </method>
          </methods>
          <lines>
            <line number="82" hits="0"></line>
            <line number="83" hits="0"></line>
            <line number="84" hits="0"></line>
            <line number="85" hits="0"></line>
            <line number="86" hits="0"></line>
            <line number="87" hits="0"></line>
            <line number="88" hits="0"></line>
            <line number="89" hits="0"></line>
            <line number="90" hits="0"></line>
            <line number="91" hits="0"></line>
            <line number="92" hits="0"></line>
            <line number="93" hits="0"></line>
            <line number="94" hits="0"></line>
            <line number="95" hits="0"></line>
            <line number="96" hits="0"></line>
            <line number="97" hits="0"></line>
            <line number="99" hits="0"></line>
            <line number="100" hits="0"></line>
            <line number="101" hits="0"></line>
            <line number="103" hits="0"></line>
            <line number="104" hits="0"></line>
            <line number="105" hits="0"></line>
            <line number="106" hits="0"></line>
            <line number="107" hits="0"></line>
            <line number="108" hits="0"></line>
            <line number="109" hits="0"></line>
            <line number="110" hits="0"></line>
            <line number="111" hits="0"></line>
            <line number="112" hits="0"></line>
            <line number="113" hits="0"></line>
            <line number="114" hits="0"></line>
            <line number="115" hits="0"></line>
            <line number="116" hits="0"></line>
            <line number="117" hits="0"></line>
            <line number="118" hits="0"></line>
            <line number="124" hits="0"></line>
            <line number="125" hits="0"></line>
            <line number="126" hits="0"></line>
            <line number="127" hits="0"></line>
            <line number="128" hits="0"></line>
            <line number="129" hits="0"></line>
            <line number="130" hits="0"></line>
            <line number="132" hits="0"></line>
            <line number="133" hits="0"></line>
            <line number="134" hits="0"></line>
            <line number="135" hits="0"></line>
            <line number="136" hits="0"></line>
            <line number="137" hits="0"></line>
            <line number="138" hits="0"></line>
            <line number="139" hits="0"></line>
            <line number="141" hits="0"></line>
            <line number="142" hits="0"></line>
            <line number="143" hits="0"></line>
            <line number="144" hits="0"></line>
            <line number="145" hits="0"></line>
            <line number="146" hits="0"></line>
            <line number="147" hits="0"></line>
            <line number="148" hits="0"></line>
            <line number="149" hits="0"></line>
            <line number="150" hits="0"></line>
            <line number="153" hits="0"></line>
            <line number="154" hits="0"></line>
            <line number="155" hits="0"></line>
            <line number="156" hits="0"></line>
            <line number="157" hits="0"></line>
            <line number="158" hits="0"></line>
            <line number="159" hits="0"></line>
            <line number="160" hits="0"></line>
            <line number="161" hits="0"></line>
            <line number="164" hits="0"></line>
            <line number="165" hits="0"></line>
            <line number="166" hits="0"></line>
            <line number="167" hits="0"></line>
            <line number="168" hits="0"></line>
            <line number="169" hits="0"></line>
            <line number="170" hits="0"></line>
            <line number="171" hits="0"></line>
            <line number="172" hits="0"></line>
            <line number="173" hits="0"></line>
            <line number="174" hits="0"></line>
            <line number="175" hits="0"></line>
            <line number="176" hits="0"></line>
            <line number="177" hits="0"></line>
            <line number="178" hits="0"></line>
            <line number="179" hits="0"></line>
            <line number="180" hits="0"></line>
            <line number="181" hits="0"></line>
            <line number="182" hits="0"></line>
            <line number="183" hits="0"></line>
            <line number="185" hits="0"></line>
            <line number="186" hits="0"></line>
            <line number="187" hits="0"></line>
            <line number="188" hits="0"></line>
            <line number="189" hits="0"></line>
            <line number="190" hits="0"></line>
            <line number="191" hits="0"></line>
            <line number="192" hits="0"></line>
            <line number="193" hits="0"></line>
            <line number="194" hits="0"></line>
            <line number="195" hits="0"></line>
            <line number="196" hits="0"></line>
            <line number="197" hits="0"></line>
            <line number="198" hits="0"></line>
            <line number="199" hits="0"></line>
            <line number="200" hits="0"></line>
            <line number="201" hits="0"></line>
            <line number="202" hits="0"></line>
            <line number="203" hits="0"></line>
            <line number="204" hits="0"></line>
            <line number="205" hits="0"></line>
            <line number="206" hits="0"></line>
            <line number="207" hits="0"></line>
            <line number="208" hits="0"></line>
            <line number="209" hits="0"></line>
            <line number="210" hits="0"></line>
            <line number="211" hits="0"></line>
            <line number="213" hits="0"></line>
            <line number="214" hits="0"></line>
            <line number="215" hits="0"></line>
            <line number="216" hits="0"></line>
            <line number="217" hits="0"></line>
            <line number="218" hits="0"></line>
            <line number="219" hits="0"></line>
            <line number="220" hits="0"></line>
            <line number="221" hits="0"></line>
            <line number="222" hits="0"></line>
            <line number="223" hits="0"></line>
            <line number="224" hits="0"></line>
            <line number="225" hits="0"></line>
            <line number="226" hits="0"></line>
            <line number="227" hits="0"></line>
            <line number="228" hits="0"></line>
            <line number="229" hits="0"></line>
            <line number="230" hits="0"></line>
            <line number="231" hits="0"></line>
            <line number="232" hits="0"></line>
            <line number="233" hits="0"></line>
            <line number="235" hits="0"></line>
            <line number="236" hits="0"></line>
            <line number="237" hits="0"></line>
            <line number="238" hits="0"></line>
            <line number="239" hits="0"></line>
            <line number="240" hits="0"></line>
            <line number="241" hits="0"></line>
            <line number="242" hits="0"></line>
            <line number="243" hits="0"></line>
            <line number="244" hits="0"></line>
            <line number="245" hits="0"></line>
            <line number="246" hits="0"></line>
            <line number="247" hits="0"></line>
            <line number="248" hits="0"></line>
            <line number="249" hits="0"></line>
            <line number="250" hits="0"></line>
            <line number="251" hits="0"></line>
            <line number="252" hits="0"></line>
            <line number="253" hits="0"></line>
            <line number="254" hits="0"></line>
            <line number="255" hits="0"></line>
            <line number="256" hits="0"></line>
            <line number="257" hits="0"></line>
            <line number="258" hits="0"></line>
            <line number="259" hits="0"></line>
            <line number="260" hits="0"></line>
            <line number="261" hits="0"></line>
            <line number="262" hits="0"></line>
            <line number="263" hits="0"></line>
            <line number="264" hits="0"></line>
            <line number="265" hits="0"></line>
            <line number="266" hits="0"></line>
            <line number="267" hits="0"></line>
            <line number="268" hits="0"></line>
            <line number="269" hits="0"></line>
            <line number="271" hits="0"></line>
            <line number="272" hits="0"></line>
            <line number="273" hits="0"></line>
            <line number="274" hits="0"></line>
            <line number="275" hits="0"></line>
            <line number="276" hits="0"></line>
            <line number="277" hits="0"></line>
            <line number="283" hits="0"></line>
            <line number="284" hits="0"></line>
            <line number="285" hits="0"></line>
            <line number="286" hits="0"></line>
            <line number="287" hits="0"></line>
            <line number="288" hits="0"></line>
            <line number="289" hits="0"></line>
            <line number="290" hits="0"></line>
            <line number="291" hits="0"></line>
            <line number="292" hits="0"></line>
            <line number="293" hits="0"></line>
            <line number="294" hits="0"></line>
            <line number="295" hits="0"></line>
            <line number="296" hits="0"></line>
            <line number="298" hits="0"></line>
            <line number="299" hits="0"></line>
            <line number="300" hits="0"></line>
            <line number="301" hits="0"></line>
            <line number="302" hits="0"></line>
            <line number="303" hits="0"></line>
            <line number="304" hits="0"></line>
            <line number="305" hits="0"></line>
            <line number="306" hits="0"></line>
            <line number="307" hits="0"></line>
            <line number="308" hits="0"></line>
            <line number="310" hits="0"></line>
            <line number="311" hits="0"></line>
            <line number="312" hits="0"></line>
            <line number="313" hits="0"></line>
            <line number="314" hits="0"></line>
            <line number="315" hits="0"></line>
            <line number="316" hits="0"></line>
            <line number="317" hits="0"></line>
            <line number="318" hits="0"></line>
            <line number="319" hits="0"></line>
            <line number="320" hits="0"></line>
            <line number="321" hits="0"></line>
            <line number="322" hits="0"></line>
            <line number="323" hits="0"></line>
            <line number="324" hits="0"></line>
            <line number="325" hits="0"></line>
            <line number="327" hits="0"></line>
            <line number="328" hits="0"></line>
            <line number="329" hits="0"></line>
            <line number="330" hits="0"></line>
            <line number="331" hits="0"></line>
            <line number="332" hits="0"></line>
            <line number="333" hits="0"></line>
            <line number="334" hits="0"></line>
            <line number="335" hits="0"></line>
            <line number="336" hits="0"></line>
            <line number="337" hits="0"></line>
            <line number="338" hits="0"></line>
            <line number="339" hits="0"></line>
            <line number="340" hits="0"></line>
            <line number="341" hits="0"></line>
            <line number="342" hits="0"></line>
            <line number="343" hits="0"></line>
            <line number="344" hits="0"></line>
            <line number="345" hits="0"></line>
            <line number="346" hits="0"></line>
            <line number="347" hits="0"></line>
            <line number="348" hits="0"></line>
            <line number="350" hits="0"></line>
            <line number="351" hits="0"></line>
            <line number="352" hits="0"></line>
            <line number="353" hits="0"></line>
            <line number="355" hits="0"></line>
            <line number="356" hits="0"></line>
            <line number="357" hits="0"></line>
            <line number="358" hits="0"></line>
            <line number="359" hits="0"></line>
            <line number="360" hits="0"></line>
            <line number="361" hits="0"></line>
            <line number="362" hits="0"></line>
            <line number="363" hits="0"></line>
            <line number="364" hits="0"></line>
            <line number="365" hits="0"></line>
            <line number="366" hits="0"></line>
            <line number="367" hits="0"></line>
            <line number="368" hits="0"></line>
            <line number="369" hits="0"></line>
            <line number="370" hits="0"></line>
            <line number="371" hits="0"></line>
            <line number="372" hits="0"></line>
            <line number="373" hits="0"></line>
            <line number="374" hits="0"></line>
            <line number="375" hits="0"></line>
            <line number="376" hits="0"></line>
            <line number="377" hits="0"></line>
            <line number="378" hits="0"></line>
            <line number="379" hits="0"></line>
            <line number="380" hits="0"></line>
            <line number="381" hits="0"></line>
            <line number="382" hits="0"></line>
            <line number="383" hits="0"></line>
            <line number="384" hits="0"></line>
            <line number="385" hits="0"></line>
            <line number="386" hits="0"></line>
            <line number="387" hits="0"></line>
            <line number="388" hits="0"></line>
            <line number="389" hits="0"></line>
            <line number="390" hits="0"></line>
            <line number="391" hits="0"></line>
          </lines>
        </class>
        <class name="-" filename="customer-case-business-api/internal/service/service_test_utils.go" line-rate="0" branch-rate="0" complexity="0">
          <methods>
            <method name="setupCreateMocks" signature="" line-rate="0" branch-rate="0" complexity="0">
              <lines>
                <line number="20" hits="0"></line>
                <line number="21" hits="0"></line>
                <line number="22" hits="0"></line>
                <line number="23" hits="0"></line>
                <line number="24" hits="0"></line>
                <line number="25" hits="0"></line>
                <line number="26" hits="0"></line>
                <line number="27" hits="0"></line>
                <line number="28" hits="0"></line>
                <line number="29" hits="0"></line>
                <line number="30" hits="0"></line>
                <line number="31" hits="0"></line>
                <line number="32" hits="0"></line>
                <line number="33" hits="0"></line>
                <line number="34" hits="0"></line>
              </lines>
            </method>
            <method name="setupPartyRoleCreateMocks" signature="" line-rate="0" branch-rate="0" complexity="0">
              <lines>
                <line number="37" hits="0"></line>
                <line number="38" hits="0"></line>
                <line number="39" hits="0"></line>
                <line number="40" hits="0"></line>
                <line number="41" hits="0"></line>
                <line number="42" hits="0"></line>
                <line number="43" hits="0"></line>
                <line number="44" hits="0"></line>
                <line number="45" hits="0"></line>
                <line number="46" hits="0"></line>
                <line number="47" hits="0"></line>
                <line number="48" hits="0"></line>
                <line number="49" hits="0"></line>
                <line number="50" hits="0"></line>
                <line number="51" hits="0"></line>
              </lines>
            </method>
            <method name="setupUpdateMocks" signature="" line-rate="0" branch-rate="0" complexity="0">
              <lines>
                <line number="54" hits="0"></line>
                <line number="55" hits="0"></line>
                <line number="56" hits="0"></line>
                <line number="57" hits="0"></line>
                <line number="58" hits="0"></line>
                <line number="59" hits="0"></line>
                <line number="60" hits="0"></line>
                <line number="61" hits="0"></line>
                <line number="62" hits="0"></line>
                <line number="63" hits="0"></line>
                <line number="64" hits="0"></line>
                <line number="65" hits="0"></line>
                <line number="66" hits="0"></line>
                <line number="67" hits="0"></line>
                <line number="68" hits="0"></line>
                <line number="69" hits="0"></line>
              </lines>
            </method>
[...]
                <line number="67" hits="0"></line>
                <line number="68" hits="0"></line>
                <line number="69" hits="0"></line>
                <line number="70" hits="0"></line>
                <line number="71" hits="0"></line>
                <line number="72" hits="0"></line>
                <line number="73" hits="0"></line>
                <line number="74" hits="0"></line>
                <line number="75" hits="0"></line>
                <line number="76" hits="0"></line>
                <line number="77" hits="0"></line>
                <line number="78" hits="0"></line>
                <line number="79" hits="0"></line>
                <line number="80" hits="0"></line>
                <line number="81" hits="0"></line>
                <line number="82" hits="0"></line>
                <line number="83" hits="0"></line>
                <line number="84" hits="0"></line>
                <line number="85" hits="0"></line>
                <line number="86" hits="0"></line>
                <line number="87" hits="0"></line>
                <line number="88" hits="0"></line>
                <line number="89" hits="0"></line>
                <line number="90" hits="0"></line>
                <line number="91" hits="0"></line>
                <line number="92" hits="0"></line>
                <line number="93" hits="0"></line>
                <line number="94" hits="0"></line>
                <line number="95" hits="0"></line>
                <line number="100" hits="0"></line>
                <line number="103" hits="0"></line>
                <line number="104" hits="0"></line>
                <line number="105" hits="0"></line>
                <line number="106" hits="0"></line>
              </lines>
            </method>
            <method name="GetDelimitedStringFromStruct" signature="" line-rate="1" branch-rate="0" complexity="0">
              <lines>
                <line number="109" hits="1"></line>
                <line number="110" hits="1"></line>
                <line number="111" hits="1"></line>
                <line number="112" hits="1"></line>
                <line number="113" hits="1"></line>
                <line number="114" hits="2"></line>
                <line number="115" hits="2"></line>
                <line number="116" hits="1"></line>
                <line number="117" hits="1"></line>
                <line number="118" hits="1"></line>
              </lines>
            </method>
            <method name="GetDelimitedString" signature="" line-rate="0.75" branch-rate="0" complexity="0">
              <lines>
                <line number="121" hits="1"></line>
                <line number="122" hits="1"></line>
                <line number="123" hits="0"></line>
                <line number="124" hits="0"></line>
                <line number="125" hits="0"></line>
                <line number="127" hits="1"></line>
                <line number="128" hits="1"></line>
                <line number="129" hits="2"></line>
                <line number="130" hits="2"></line>
                <line number="131" hits="1"></line>
                <line number="132" hits="1"></line>
                <line number="133" hits="1"></line>
              </lines>
            </method>
            <method name="DeDuplicateIds" signature="" line-rate="1" branch-rate="0" complexity="0">
              <lines>
                <line number="136" hits="1"></line>
                <line number="137" hits="1"></line>
                <line number="138" hits="1"></line>
                <line number="139" hits="1"></line>
                <line number="140" hits="1"></line>
                <line number="141" hits="1"></line>
                <line number="142" hits="5"></line>
                <line number="143" hits="3"></line>
                <line number="144" hits="3"></line>
                <line number="145" hits="3"></line>
                <line number="146" hits="3"></line>
                <line number="149" hits="1"></line>
              </lines>
            </method>
            <method name="LoadLocalEnvironmentFile" signature="" line-rate="0" branch-rate="0" complexity="0">
              <lines>
                <line number="152" hits="0"></line>
                <line number="153" hits="0"></line>
                <line number="154" hits="0"></line>
                <line number="155" hits="0"></line>
                <line number="157" hits="0"></line>
                <line number="158" hits="0"></line>
                <line number="159" hits="0"></line>
                <line number="160" hits="0"></line>
                <line number="161" hits="0"></line>
                <line number="162" hits="0"></line>
                <line number="163" hits="0"></line>
                <line number="164" hits="0"></line>
                <line number="165" hits="0"></line>
                <line number="168" hits="0"></line>
                <line number="169" hits="0"></line>
                <line number="170" hits="0"></line>
                <line number="171" hits="0"></line>
                <line number="173" hits="0"></line>
                <line number="174" hits="0"></line>
                <line number="175" hits="0"></line>
                <line number="176" hits="0"></line>
                <line number="177" hits="0"></line>
                <line number="178" hits="0"></line>
                <line number="179" hits="0"></line>
                <line number="182" hits="0"></line>
              </lines>
            </method>
            <method name="IsRootPath" signature="" line-rate="1" branch-rate="0" complexity="0">
              <lines>
                <line number="185" hits="5"></line>
                <line number="186" hits="5"></line>
                <line number="187" hits="5"></line>
                <line number="188" hits="5"></line>
                <line number="189" hits="5"></line>
              </lines>
            </method>
          </methods>
          <lines>
            <line number="21" hits="0"></line>
            <line number="22" hits="0"></line>
            <line number="23" hits="0"></line>
            <line number="24" hits="0"></line>
            <line number="25" hits="0"></line>
            <line number="26" hits="0"></line>
            <line number="27" hits="0"></line>
            <line number="29" hits="0"></line>
            <line number="32" hits="2"></line>
            <line number="33" hits="2"></line>
            <line number="34" hits="2"></line>
            <line number="35" hits="0"></line>
            <line number="36" hits="0"></line>
            <line number="37" hits="0"></line>
            <line number="38" hits="0"></line>
            <line number="40" hits="2"></line>
            <line number="43" hits="1"></line>
            <line number="44" hits="1"></line>
            <line number="45" hits="1"></line>
            <line number="49" hits="0"></line>
            <line number="50" hits="0"></line>
            <line number="51" hits="0"></line>
            <line number="52" hits="0"></line>
            <line number="53" hits="0"></line>
            <line number="54" hits="0"></line>
            <line number="55" hits="0"></line>
            <line number="56" hits="0"></line>
            <line number="57" hits="0"></line>
            <line number="58" hits="0"></line>
            <line number="59" hits="0"></line>
            <line number="60" hits="0"></line>
            <line number="61" hits="0"></line>
            <line number="62" hits="0"></line>
            <line number="63" hits="0"></line>
            <line number="66" hits="0"></line>
            <line number="67" hits="0"></line>
            <line number="68" hits="0"></line>
            <line number="69" hits="0"></line>
            <line number="70" hits="0"></line>
            <line number="71" hits="0"></line>
            <line number="72" hits="0"></line>
            <line number="73" hits="0"></line>
            <line number="74" hits="0"></line>
            <line number="75" hits="0"></line>
            <line number="76" hits="0"></line>
            <line number="77" hits="0"></line>
            <line number="78" hits="0"></line>
            <line number="79" hits="0"></line>
            <line number="80" hits="0"></line>
            <line number="81" hits="0"></line>
            <line number="82" hits="0"></line>
            <line number="83" hits="0"></line>
            <line number="84" hits="0"></line>
            <line number="85" hits="0"></line>
            <line number="86" hits="0"></line>
            <line number="87" hits="0"></line>
            <line number="88" hits="0"></line>
            <line number="89" hits="0"></line>
            <line number="90" hits="0"></line>
            <line number="91" hits="0"></line>
            <line number="92" hits="0"></line>
            <line number="93" hits="0"></line>
            <line number="94" hits="0"></line>
            <line number="95" hits="0"></line>
            <line number="100" hits="0"></line>
            <line number="103" hits="0"></line>
            <line number="104" hits="0"></line>
            <line number="105" hits="0"></line>
            <line number="106" hits="0"></line>
            <line number="109" hits="1"></line>
            <line number="110" hits="1"></line>
            <line number="111" hits="1"></line>
            <line number="112" hits="1"></line>
            <line number="113" hits="1"></line>
            <line number="114" hits="2"></line>
            <line number="115" hits="2"></line>
            <line number="116" hits="1"></line>
            <line number="117" hits="1"></line>
            <line number="118" hits="1"></line>
            <line number="121" hits="1"></line>
            <line number="122" hits="1"></line>
            <line number="123" hits="0"></line>
            <line number="124" hits="0"></line>
            <line number="125" hits="0"></line>
            <line number="127" hits="1"></line>
            <line number="128" hits="1"></line>
            <line number="129" hits="2"></line>
            <line number="130" hits="2"></line>
            <line number="131" hits="1"></line>
            <line number="132" hits="1"></line>
            <line number="133" hits="1"></line>
            <line number="136" hits="1"></line>
            <line number="137" hits="1"></line>
            <line number="138" hits="1"></line>
            <line number="139" hits="1"></line>
            <line number="140" hits="1"></line>
            <line number="141" hits="1"></line>
            <line number="142" hits="5"></line>
            <line number="143" hits="3"></line>
            <line number="144" hits="3"></line>
            <line number="145" hits="3"></line>
            <line number="146" hits="3"></line>
            <line number="149" hits="1"></line>
            <line number="152" hits="0"></line>
            <line number="153" hits="0"></line>
            <line number="154" hits="0"></line>
            <line number="155" hits="0"></line>
            <line number="157" hits="0"></line>
            <line number="158" hits="0"></line>
            <line number="159" hits="0"></line>
            <line number="160" hits="0"></line>
            <line number="161" hits="0"></line>
            <line number="162" hits="0"></line>
            <line number="163" hits="0"></line>
            <line number="164" hits="0"></line>
            <line number="165" hits="0"></line>
            <line number="168" hits="0"></line>
            <line number="169" hits="0"></line>
            <line number="170" hits="0"></line>
            <line number="171" hits="0"></line>
            <line number="173" hits="0"></line>
            <line number="174" hits="0"></line>
            <line number="175" hits="0"></line>
            <line number="176" hits="0"></line>
            <line number="177" hits="0"></line>
            <line number="178" hits="0"></line>
            <line number="179" hits="0"></line>
            <line number="182" hits="0"></line>
            <line number="185" hits="5"></line>
            <line number="186" hits="5"></line>
            <line number="187" hits="5"></line>
            <line number="188" hits="5"></line>
            <line number="189" hits="5"></line>
          </lines>
        </class>
      </classes>
    </package>
    <package name="github.com/osfin-customer/customer-case/support/utils" line-rate="0" branch-rate="0" complexity="0">
      <classes>
        <class name="-" filename="support/utils/utils.go" line-rate="0" branch-rate="0" complexity="0">
          <methods>
            <method name="NewXCorrelationID" signature="" line-rate="0" branch-rate="0" complexity="0">
              <lines>
                <line number="13" hits="0"></line>
                <line number="14" hits="0"></line>
                <line number="15" hits="0"></line>
                <line number="16" hits="0"></line>
                <line number="17" hits="0"></line>
                <line number="18" hits="0"></line>
                <line number="19" hits="0"></line>
                <line number="20" hits="0"></line>
                <line number="21" hits="0"></line>
                <line number="22" hits="0"></line>
                <line number="23" hits="0"></line>
                <line number="24" hits="0"></line>
                <line number="25" hits="0"></line>
                <line number="26" hits="0"></line>
                <line number="27" hits="0"></line>
              </lines>
            </method>
            <method name="GetOrCreateXCorrelationID" signature="" line-rate="0" branch-rate="0" complexity="0">
              <lines>
                <line number="30" hits="0"></line>
                <line number="31" hits="0"></line>
                <line number="32" hits="0"></line>
                <line number="33" hits="0"></line>
                <line number="34" hits="0"></line>
              </lines>
            </method>
            <method name="InfoDump" signature="" line-rate="0" branch-rate="0" complexity="0">
              <lines>
                <line number="38" hits="0"></line>
                <line number="39" hits="0"></line>
                <line number="40" hits="0"></line>
                <line number="41" hits="0"></line>
                <line number="42" hits="0"></line>
              </lines>
            </method>
            <method name="ErrorDump" signature="" line-rate="0" branch-rate="0" complexity="0">
              <lines>
                <line number="45" hits="0"></line>
                <line number="46" hits="0"></line>
                <line number="47" hits="0"></line>
                <line number="48" hits="0"></line>
                <line number="49" hits="0"></line>
              </lines>
            </method>
            <method name="DebugDump" signature="" line-rate="0" branch-rate="0" complexity="0">
              <lines>
                <line number="51" hits="0"></line>
                <line number="52" hits="0"></line>
                <line number="53" hits="0"></line>
                <line number="54" hits="0"></line>
              </lines>
            </method>
            <method name="DebugDumpError" signature="" line-rate="0" branch-rate="0" complexity="0">
              <lines>
                <line number="57" hits="0"></line>
                <line number="58" hits="0"></line>
                <line number="59" hits="0"></line>
                <line number="60" hits="0"></line>
                <line number="61" hits="0"></line>
                <line number="62" hits="0"></line>
              </lines>
            </method>
            <method name="DebugDumpBase64" signature="" line-rate="0" branch-rate="0" complexity="0">
              <lines>
                <line number="65" hits="0"></line>
                <line number="66" hits="0"></line>
                <line number="67" hits="0"></line>
                <line number="68" hits="0"></line>
                <line number="69" hits="0"></line>
                <line number="70" hits="0"></line>
                <line number="71" hits="0"></line>
              </lines>
            </method>
            <method name="DebugDumpErrorBase64" signature="" line-rate="0" branch-rate="0" complexity="0">
              <lines>
                <line number="74" hits="0"></line>
                <line number="75" hits="0"></line>
                <line number="76" hits="0"></line>
                <line number="77" hits="0"></line>
                <line number="78" hits="0"></line>
                <line number="79" hits="0"></line>
                <line number="80" hits="0"></line>
              </lines>
            </method>
            <method name="Prettyprint" signature="" line-rate="0" branch-rate="0" complexity="0">
              <lines>
                <line number="83" hits="0"></line>
                <line number="84" hits="0"></line>
                <line number="85" hits="0"></line>
                <line number="86" hits="0"></line>
              </lines>
            </method>
          </methods>
          <lines>
            <line number="13" hits="0"></line>
            <line number="14" hits="0"></line>
            <line number="15" hits="0"></line>
            <line number="16" hits="0"></line>
            <line number="17" hits="0"></line>
            <line number="18" hits="0"></line>
            <line number="19" hits="0"></line>
            <line number="20" hits="0"></line>
            <line number="21" hits="0"></line>
            <line number="22" hits="0"></line>
            <line number="23" hits="0"></line>
            <line number="24" hits="0"></line>
            <line number="25" hits="0"></line>
            <line number="26" hits="0"></line>
            <line number="27" hits="0"></line>
            <line number="30" hits="0"></line>
            <line number="31" hits="0"></line>
            <line number="32" hits="0"></line>
            <line number="33" hits="0"></line>
            <line number="34" hits="0"></line>
            <line number="38" hits="0"></line>
            <line number="39" hits="0"></line>
            <line number="40" hits="0"></line>
            <line number="41" hits="0"></line>
            <line number="42" hits="0"></line>
            <line number="45" hits="0"></line>
            <line number="46" hits="0"></line>
            <line number="47" hits="0"></line>
            <line number="48" hits="0"></line>
            <line number="49" hits="0"></line>
            <line number="51" hits="0"></line>
            <line number="52" hits="0"></line>
            <line number="53" hits="0"></line>
            <line number="54" hits="0"></line>
            <line number="57" hits="0"></line>
            <line number="58" hits="0"></line>
            <line number="59" hits="0"></line>
            <line number="60" hits="0"></line>
            <line number="61" hits="0"></line>
            <line number="62" hits="0"></line>
            <line number="65" hits="0"></line>
            <line number="66" hits="0"></line>
            <line number="67" hits="0"></line>
            <line number="68" hits="0"></line>
            <line number="69" hits="0"></line>
            <line number="70" hits="0"></line>
            <line number="71" hits="0"></line>
            <line number="74" hits="0"></line>
            <line number="75" hits="0"></line>
            <line number="76" hits="0"></line>
            <line number="77" hits="0"></line>
            <line number="78" hits="0"></line>
            <line number="79" hits="0"></line>
            <line number="80" hits="0"></line>
            <line number="83" hits="0"></line>
            <line number="84" hits="0"></line>
            <line number="85" hits="0"></line>
            <line number="86" hits="0"></line>
          </lines>
        </class>
      </classes>
    </package>
  </packages>
</coverage>
